<?xml version="1.0" encoding="utf-8"?>
<?AutomationStudio Version=3.0?>
<Transfer xmlns="http://br-automation.co.at/AS/Transfer">
  <OperatingSystem Version="E4.34"/>
  <Hardware Target="SG4"/>
  <Operation Delete="Program1.br"/>
  <Operation Delete="Visu1.br"/>
  <Operation Delete="vccbar.br"/>
  <Operation Delete="vccalarm.br"/>
  <Operation Delete="vccbmp.br"/>
  <Operation Delete="vccshape.br"/>
  <Operation Delete="vcbclass.br"/>
  <Operation Delete="vctcal.br"/>
  <Operation Delete="vcdsloc.br"/>
  <Operation Delete="vccbtn.br"/>
  <Operation Delete="vcchspot.br"/>
  <Operation Delete="vcalarm.br"/>
  <Operation Delete="vcpdsw.br"/>
  <Operation Delete="vcpdvnc.br"/>
  <Operation Delete="vcdsint.br"/>
  <Operation Delete="vcpfar00.br"/>
  <Operation Delete="vccnum.br"/>
  <Operation Delete="vccovl.br"/>
  <Operation Delete="vcpkat.br"/>
  <Operation Delete="vcmgr.br"/>
  <Operation Delete="vccdt.br"/>
  <Operation Delete="vcctext.br"/>
  <Operation Delete="vcfntttf.br"/>
  <Operation Delete="vcrt.br"/>
  <Operation Delete="vcfile.br"/>
  <Operation Delete="vcshared.br"/>
  <Operation Delete="arialbd.br"/>
  <Operation Delete="arial.br"/>
  <Operation Delete="Visu103.br"/>
  <Operation Delete="Visu102.br"/>
  <Operation Delete="Visu101.br"/>
  <Operation Delete="vcgclass.br"/>
  <Operation Delete="fileio.br"/>
  <Operation Delete="vcnet.br"/>
  <Operation Delete="dataobj.br"/>
  <Operation Download="asfw.br" Memory="SystemROM"/>
  <Operation Download="ashwd.br" Memory="SystemROM"/>
  <Operation Download="arconfig.br" Memory="SystemROM"/>
  <Operation Download="sysconf.br" Memory="SystemROM"/>
  <Operation Restart="warm"/>
  <Operation Download="TCData.br" Memory="SystemROM"/>
  <Operation Download="udbdef.br" Memory="UserROM"/>
  <Operation Download="ashwac.br" Memory="UserROM"/>
  <Operation Download="User.br" Memory="UserROM"/>
  <Operation Download="Role.br" Memory="UserROM"/>
  <Operation Download="iomap.br" Memory="UserROM"/>
  <Operation Download="become.br" Memory="UserROM"/>
  <Operation Download="standard.br" Memory="UserROM"/>
  <Operation Download="vcresman.br" Memory="UserROM"/>
  <Operation Download="runtime.br" Memory="UserROM"/>
  <Operation Download="dataobj.br" Memory="UserROM"/>
  <Operation Download="vcnet.br" Memory="UserROM"/>
  <Operation Download="fileio.br" Memory="UserROM"/>
  <Operation Download="vcgclass.br" Memory="UserROM"/>
  <Operation Download="Visu101.br" Memory="UserROM"/>
  <Operation Download="Visu102.br" Memory="UserROM"/>
  <Operation Download="Visu103.br" Memory="UserROM"/>
  <Operation Download="arial.br" Memory="UserROM"/>
  <Operation Download="arialbd.br" Memory="UserROM"/>
  <Operation Download="vcshared.br" Memory="UserROM"/>
  <Operation Download="vcfile.br" Memory="UserROM"/>
  <Operation Download="vcrt.br" Memory="UserROM"/>
  <Operation Download="vcfntttf.br" Memory="UserROM"/>
  <Operation Download="vcctext.br" Memory="UserROM"/>
  <Operation Download="vccdt.br" Memory="UserROM"/>
  <Operation Download="vcmgr.br" Memory="UserROM"/>
  <Operation Download="vcpkat.br" Memory="UserROM"/>
  <Operation Download="vccovl.br" Memory="UserROM"/>
  <Operation Download="vccnum.br" Memory="UserROM"/>
  <Operation Download="vcpfar00.br" Memory="UserROM"/>
  <Operation Download="vcdsint.br" Memory="UserROM"/>
  <Operation Download="vcpdvnc.br" Memory="UserROM"/>
  <Operation Download="vcpdsw.br" Memory="UserROM"/>
  <Operation Download="vcalarm.br" Memory="UserROM"/>
  <Operation Download="vcchspot.br" Memory="UserROM"/>
  <Operation Download="vccbtn.br" Memory="UserROM"/>
  <Operation Download="vcdsloc.br" Memory="UserROM"/>
  <Operation Download="vctcal.br" Memory="UserROM"/>
  <Operation Download="vcbclass.br" Memory="UserROM"/>
  <Operation Download="vccshape.br" Memory="UserROM"/>
  <Operation Download="vccbmp.br" Memory="UserROM"/>
  <Operation Download="vccalarm.br" Memory="UserROM"/>
  <Operation Download="vccbar.br" Memory="UserROM"/>
  <Operation Download="Visu1.br" Memory="UserROM"/>
  <Operation Download="Program1.br" Memory="UserROM"/>
  <Operation Download="Visu_1.br" Memory="UserROM"/>
</Transfer>