<?xml version="1.0" encoding="utf-8"?>
<?AutomationStudio Version="4.3.7.46 SP"?>
<Objects>
  <Object
    Path="C:\Projects\LiquidControlInTank\Logical\Package.pkg"
    LogicalPath=""
    Type="Package"
    LastWriteTime="131781733321159820" />
  <Object
    Path="C:\Projects\LiquidControlInTank\Logical\Global.typ"
    LogicalPath="Global.typ"
    Type="File"
    LastWriteTime="131780893469703306"
    Private="false" />
  <Object
    Path="C:\Projects\LiquidControlInTank\Logical\Global.var"
    LogicalPath="Global.var"
    Type="File"
    LastWriteTime="131780269565152332"
    Private="false" />
  <Object
    Path="C:\Projects\LiquidControlInTank\Logical\Libraries\Package.pkg"
    LogicalPath="Libraries"
    Type="Package"
    LastWriteTime="131781264060678805" />
  <Object
    Path="C:\Projects\LiquidControlInTank\Logical\Libraries\operator\Binary.lby"
    LogicalPath="Libraries.operator"
    Type="Library"
    LastWriteTime="131717474300000000" />
  <Object
    Path="C:\Projects\LiquidControlInTank\Logical\Libraries\operator\operator.fun"
    LogicalPath="Libraries.operator.operator.fun"
    Type="File"
    LastWriteTime="131717473840000000"
    Private="false" />
  <Object
    Path="C:\Projects\LiquidControlInTank\Logical\Libraries\operator\operator.typ"
    LogicalPath="Libraries.operator.operator.typ"
    Type="File"
    LastWriteTime="131717474000000000"
    Private="false" />
  <Object
    Path="C:\Projects\LiquidControlInTank\Logical\Libraries\operator\operator.var"
    LogicalPath="Libraries.operator.operator.var"
    Type="File"
    LastWriteTime="131717474140000000"
    Private="false" />
  <Object
    Path="C:\Projects\LiquidControlInTank\Logical\Libraries\runtime\Binary.lby"
    LogicalPath="Libraries.runtime"
    Type="Library"
    LastWriteTime="131717474300000000" />
  <Object
    Path="C:\Projects\LiquidControlInTank\Logical\Libraries\runtime\runtime.fun"
    LogicalPath="Libraries.runtime.runtime.fun"
    Type="File"
    LastWriteTime="131717473840000000"
    Private="false" />
  <Object
    Path="C:\Projects\LiquidControlInTank\Logical\Libraries\runtime\runtime.typ"
    LogicalPath="Libraries.runtime.runtime.typ"
    Type="File"
    LastWriteTime="131717474000000000"
    Private="false" />
  <Object
    Path="C:\Projects\LiquidControlInTank\Logical\Libraries\runtime\runtime.var"
    LogicalPath="Libraries.runtime.runtime.var"
    Type="File"
    LastWriteTime="131717474140000000"
    Private="false" />
  <Object
    Path="C:\Projects\LiquidControlInTank\Logical\Libraries\astime\Binary.lby"
    LogicalPath="Libraries.astime"
    Type="Library"
    LastWriteTime="131717474260000000" />
  <Object
    Path="C:\Projects\LiquidControlInTank\Logical\Libraries\astime\astime.fun"
    LogicalPath="Libraries.astime.astime.fun"
    Type="File"
    LastWriteTime="131717473800000000"
    Private="false" />
  <Object
    Path="C:\Projects\LiquidControlInTank\Logical\Libraries\astime\astime.typ"
    LogicalPath="Libraries.astime.astime.typ"
    Type="File"
    LastWriteTime="131717473960000000"
    Private="false" />
  <Object
    Path="C:\Projects\LiquidControlInTank\Logical\Libraries\astime\astime.var"
    LogicalPath="Libraries.astime.astime.var"
    Type="File"
    LastWriteTime="131717474100000000"
    Private="false" />
  <Object
    Path="C:\Projects\LiquidControlInTank\Logical\Libraries\AsIecCon\Binary.lby"
    LogicalPath="Libraries.AsIecCon"
    Type="Library"
    LastWriteTime="131717474200000000" />
  <Object
    Path="C:\Projects\LiquidControlInTank\Logical\Libraries\AsIecCon\AsIecCon.fun"
    LogicalPath="Libraries.AsIecCon.AsIecCon.fun"
    Type="File"
    LastWriteTime="131717473740000000"
    Private="false" />
  <Object
    Path="C:\Projects\LiquidControlInTank\Logical\Libraries\AsIecCon\AsIecCon.typ"
    LogicalPath="Libraries.AsIecCon.AsIecCon.typ"
    Type="File"
    LastWriteTime="131717473900000000"
    Private="false" />
  <Object
    Path="C:\Projects\LiquidControlInTank\Logical\Libraries\AsIecCon\AsIecCon.var"
    LogicalPath="Libraries.AsIecCon.AsIecCon.var"
    Type="File"
    LastWriteTime="131717474040000000"
    Private="false" />
  <Object
    Path="C:\Projects\LiquidControlInTank\Logical\Libraries\asstring\Binary.lby"
    LogicalPath="Libraries.asstring"
    Type="Library"
    LastWriteTime="131717474260000000" />
  <Object
    Path="C:\Projects\LiquidControlInTank\Logical\Libraries\asstring\asstring.fun"
    LogicalPath="Libraries.asstring.asstring.fun"
    Type="File"
    LastWriteTime="131717473800000000"
    Private="false" />
  <Object
    Path="C:\Projects\LiquidControlInTank\Logical\Libraries\asstring\asstring.typ"
    LogicalPath="Libraries.asstring.asstring.typ"
    Type="File"
    LastWriteTime="131717473960000000"
    Private="false" />
  <Object
    Path="C:\Projects\LiquidControlInTank\Logical\Libraries\asstring\asstring.var"
    LogicalPath="Libraries.asstring.asstring.var"
    Type="File"
    LastWriteTime="131717474100000000"
    Private="false" />
  <Object
    Path="C:\Projects\LiquidControlInTank\Logical\Libraries\AsBrStr\Binary.lby"
    LogicalPath="Libraries.AsBrStr"
    Type="Library"
    LastWriteTime="131717474180000000" />
  <Object
    Path="C:\Projects\LiquidControlInTank\Logical\Libraries\AsBrStr\AsBrStr.fun"
    LogicalPath="Libraries.AsBrStr.AsBrStr.fun"
    Type="File"
    LastWriteTime="131717473720000000"
    Private="false" />
  <Object
    Path="C:\Projects\LiquidControlInTank\Logical\Libraries\AsBrStr\AsBrStr.typ"
    LogicalPath="Libraries.AsBrStr.AsBrStr.typ"
    Type="File"
    LastWriteTime="131717473880000000"
    Private="false" />
  <Object
    Path="C:\Projects\LiquidControlInTank\Logical\Libraries\AsBrStr\AsBrStr.var"
    LogicalPath="Libraries.AsBrStr.AsBrStr.var"
    Type="File"
    LastWriteTime="131717474020000000"
    Private="false" />
  <Object
    Path="C:\Projects\LiquidControlInTank\Logical\Libraries\DRV_mbus\Binary.lby"
    LogicalPath="Libraries.DRV_mbus"
    Type="Library"
    LastWriteTime="131717474300000000" />
  <Object
    Path="C:\Projects\LiquidControlInTank\Logical\Libraries\DRV_mbus\DRV_mbus.fun"
    LogicalPath="Libraries.DRV_mbus.DRV_mbus.fun"
    Type="File"
    LastWriteTime="131717473820000000"
    Private="false" />
  <Object
    Path="C:\Projects\LiquidControlInTank\Logical\Libraries\DRV_mbus\DRV_mbus.typ"
    LogicalPath="Libraries.DRV_mbus.DRV_mbus.typ"
    Type="File"
    LastWriteTime="131717473980000000"
    Private="false" />
  <Object
    Path="C:\Projects\LiquidControlInTank\Logical\Libraries\DRV_mbus\DRV_mbus.var"
    LogicalPath="Libraries.DRV_mbus.DRV_mbus.var"
    Type="File"
    LastWriteTime="131717474140000000"
    Private="false" />
  <Object
    Path="C:\Projects\LiquidControlInTank\Logical\Libraries\dvframe\Binary.lby"
    LogicalPath="Libraries.dvframe"
    Type="Library"
    LastWriteTime="131717474300000000" />
  <Object
    Path="C:\Projects\LiquidControlInTank\Logical\Libraries\dvframe\dvframe.fun"
    LogicalPath="Libraries.dvframe.dvframe.fun"
    Type="File"
    LastWriteTime="131717473820000000"
    Private="false" />
  <Object
    Path="C:\Projects\LiquidControlInTank\Logical\Libraries\dvframe\dvframe.typ"
    LogicalPath="Libraries.dvframe.dvframe.typ"
    Type="File"
    LastWriteTime="131717473980000000"
    Private="false" />
  <Object
    Path="C:\Projects\LiquidControlInTank\Logical\Libraries\dvframe\dvframe.var"
    LogicalPath="Libraries.dvframe.dvframe.var"
    Type="File"
    LastWriteTime="131717474140000000"
    Private="false" />
  <Object
    Path="C:\Projects\LiquidControlInTank\Logical\Libraries\DataObj\Binary.lby"
    LogicalPath="Libraries.DataObj"
    Type="Library"
    LastWriteTime="131717474280000000" />
  <Object
    Path="C:\Projects\LiquidControlInTank\Logical\Libraries\DataObj\DataObj.fun"
    LogicalPath="Libraries.DataObj.DataObj.fun"
    Type="File"
    LastWriteTime="131717473820000000"
    Private="false" />
  <Object
    Path="C:\Projects\LiquidControlInTank\Logical\Libraries\DataObj\DataObj.typ"
    LogicalPath="Libraries.DataObj.DataObj.typ"
    Type="File"
    LastWriteTime="131717473980000000"
    Private="false" />
  <Object
    Path="C:\Projects\LiquidControlInTank\Logical\Libraries\DataObj\DataObj.var"
    LogicalPath="Libraries.DataObj.DataObj.var"
    Type="File"
    LastWriteTime="131717474120000000"
    Private="false" />
  <Object
    Path="C:\Projects\LiquidControlInTank\Logical\Libraries\standard\Binary.lby"
    LogicalPath="Libraries.standard"
    Type="Library"
    LastWriteTime="131717474320000000" />
  <Object
    Path="C:\Projects\LiquidControlInTank\Logical\Libraries\standard\standard.fun"
    LogicalPath="Libraries.standard.standard.fun"
    Type="File"
    LastWriteTime="131717473840000000"
    Private="false" />
  <Object
    Path="C:\Projects\LiquidControlInTank\Logical\Libraries\standard\standard.typ"
    LogicalPath="Libraries.standard.standard.typ"
    Type="File"
    LastWriteTime="131717474000000000"
    Private="false" />
  <Object
    Path="C:\Projects\LiquidControlInTank\Logical\Libraries\standard\standard.var"
    LogicalPath="Libraries.standard.standard.var"
    Type="File"
    LastWriteTime="131717474160000000"
    Private="false" />
  <Object
    Path="C:\Projects\LiquidControlInTank\Logical\Libraries\become\ANSIC.lby"
    LogicalPath="Libraries.become"
    Type="Library"
    LastWriteTime="131781264060522592" />
  <Object
    Path="C:\Projects\LiquidControlInTank\Logical\Libraries\become\Types.typ"
    LogicalPath="Libraries.become.Types.typ"
    Type="File"
    LastWriteTime="131781264060522592"
    Private="false" />
  <Object
    Path="C:\Projects\LiquidControlInTank\Logical\Libraries\become\Constants.var"
    LogicalPath="Libraries.become.Constants.var"
    Type="File"
    LastWriteTime="131781264060522592"
    Private="false" />
  <Object
    Path="C:\Projects\LiquidControlInTank\Logical\Libraries\become\become.fun"
    LogicalPath="Libraries.become.become.fun"
    Type="File"
    LastWriteTime="131781264060522592"
    Private="false" />
  <Object
    Path="C:\Projects\LiquidControlInTank\Logical\Libraries\become\Analog.c"
    LogicalPath="Libraries.become.Analog.c"
    Type="File"
    LastWriteTime="131781264060522592"
    Private="false" />
  <Object
    Path="C:\Projects\LiquidControlInTank\Logical\Program1\ANSIC.prg"
    LogicalPath="Program1"
    Type="Program"
    LastWriteTime="131780269566668283" />
  <Object
    Path="C:\Projects\LiquidControlInTank\Logical\Program1\Cyclic.c"
    LogicalPath="Program1.Cyclic.c"
    Type="File"
    LastWriteTime="131781299557858553"
    Private="false" />
  <Object
    Path="C:\Projects\LiquidControlInTank\Logical\Program1\Init.c"
    LogicalPath="Program1.Init.c"
    Type="File"
    LastWriteTime="131781169881145731"
    Private="false" />
  <Object
    Path="C:\Projects\LiquidControlInTank\Logical\Program1\Exit.c"
    LogicalPath="Program1.Exit.c"
    Type="File"
    LastWriteTime="131780269566977465"
    Private="false" />
  <Object
    Path="C:\Projects\LiquidControlInTank\Logical\Program1\Types.typ"
    LogicalPath="Program1.Types.typ"
    Type="File"
    LastWriteTime="131780269567266724"
    Private="true" />
  <Object
    Path="C:\Projects\LiquidControlInTank\Logical\Program1\Variables.var"
    LogicalPath="Program1.Variables.var"
    Type="File"
    LastWriteTime="131781258298307533"
    Private="true" />
  <Object
    Path="C:\Projects\LiquidControlInTank\Logical\LibDRVmbus1_ST\Package.pkg"
    LogicalPath="LibDRVmbus1_ST"
    Type="Package"
    LastWriteTime="131780269566229457" />
  <Object
    Path="C:\Projects\LiquidControlInTank\Logical\LibDRVmbus1_ST\LibDRVmbus_ST.typ"
    LogicalPath="LibDRVmbus1_ST.LibDRVmbus_ST.typ"
    Type="File"
    LastWriteTime="131780269565950216"
    Private="false" />
  <Object
    Path="C:\Projects\LiquidControlInTank\Logical\LibDRVmbus1_ST\LibDRVmbus_ST.var"
    LogicalPath="LibDRVmbus1_ST.LibDRVmbus_ST.var"
    Type="File"
    LastWriteTime="131780269566069883"
    Private="false" />
  <Object
    Path="C:\Projects\LiquidControlInTank\Logical\LibDRVmbus1_ST\datamod\Simple.dob"
    LogicalPath="LibDRVmbus1_ST.datamod"
    Type="DataObject"
    LastWriteTime="131777620976310580" />
  <Object
    Path="C:\Projects\LiquidControlInTank\Logical\LibDRVmbus1_ST\datamod\datamod.dat"
    LogicalPath="LibDRVmbus1_ST.datamod.datamod.dat"
    Type="File"
    LastWriteTime="131777620976450199"
    Private="false" />
  <Object
    Path="C:\Projects\LiquidControlInTank\Logical\LibDRVmbus1_ST\mbus_mast\IEC.prg"
    LogicalPath="LibDRVmbus1_ST.mbus_mast"
    Type="Program"
    LastWriteTime="131777620976769354" />
  <Object
    Path="C:\Projects\LiquidControlInTank\Logical\LibDRVmbus1_ST\mbus_mast\mbus_mast.st"
    LogicalPath="LibDRVmbus1_ST.mbus_mast.mbus_mast.st"
    Type="File"
    LastWriteTime="131780174538917452"
    Private="false" />
  <Object
    Path="C:\Projects\LiquidControlInTank\Logical\LibDRVmbus1_ST\mbus_mast\mbus_mast.typ"
    LogicalPath="LibDRVmbus1_ST.mbus_mast.mbus_mast.typ"
    Type="File"
    LastWriteTime="131777620978295266"
    Private="true" />
  <Object
    Path="C:\Projects\LiquidControlInTank\Logical\LibDRVmbus1_ST\mbus_mast\mbus_mast.var"
    LogicalPath="LibDRVmbus1_ST.mbus_mast.mbus_mast.var"
    Type="File"
    LastWriteTime="131777620978823848"
    Private="true" />
  <Object
    Path="C:\Projects\LiquidControlInTank\Logical\LibDRVmbus1_ST\mbus_slav\IEC.prg"
    LogicalPath="LibDRVmbus1_ST.mbus_slav"
    Type="Program"
    LastWriteTime="131777620978903639" />
  <Object
    Path="C:\Projects\LiquidControlInTank\Logical\LibDRVmbus1_ST\mbus_slav\mbus_slav.st"
    LogicalPath="LibDRVmbus1_ST.mbus_slav.mbus_slav.st"
    Type="File"
    LastWriteTime="131777620979591803"
    Private="false" />
  <Object
    Path="C:\Projects\LiquidControlInTank\Logical\LibDRVmbus1_ST\mbus_slav\mbus_slav.typ"
    LogicalPath="LibDRVmbus1_ST.mbus_slav.mbus_slav.typ"
    Type="File"
    LastWriteTime="131777620980260020"
    Private="true" />
  <Object
    Path="C:\Projects\LiquidControlInTank\Logical\LibDRVmbus1_ST\mbus_slav\mbus_slav.var"
    LogicalPath="LibDRVmbus1_ST.mbus_slav.mbus_slav.var"
    Type="File"
    LastWriteTime="131777620980778638"
    Private="true" />
  <Object
    Path="C:\Projects\LiquidControlInTank\Logical\Visu1\Vc.dob"
    LogicalPath="Visu1"
    Type="DataObject"
    LastWriteTime="131781099991116148" />
  <Object
    Path="C:\Projects\LiquidControlInTank\Logical\Visu1\VCObject.vc"
    LogicalPath="Visu1.VCObject.vc"
    Type="File"
    LastWriteTime="131780273028738683"
    Private="false" />
  <Object
    Path="C:\Projects\LiquidControlInTank\Logical\Visu_1\ANSIC.prg"
    LogicalPath="Visu_1"
    Type="Program"
    LastWriteTime="131781100170376829" />
  <Object
    Path="C:\Projects\LiquidControlInTank\Logical\Visu_1\Cyclic.c"
    LogicalPath="Visu_1.Cyclic.c"
    Type="File"
    LastWriteTime="131781235747484766"
    Private="false" />
  <Object
    Path="C:\Projects\LiquidControlInTank\Logical\Visu_1\Init.c"
    LogicalPath="Visu_1.Init.c"
    Type="File"
    LastWriteTime="131781100169828566"
    Private="false" />
  <Object
    Path="C:\Projects\LiquidControlInTank\Logical\Visu_1\Exit.c"
    LogicalPath="Visu_1.Exit.c"
    Type="File"
    LastWriteTime="131781100169858240"
    Private="false" />
  <Object
    Path="C:\Projects\LiquidControlInTank\Logical\Visu_1\Types.typ"
    LogicalPath="Visu_1.Types.typ"
    Type="File"
    LastWriteTime="131781100169898113"
    Private="true" />
  <Object
    Path="C:\Projects\LiquidControlInTank\Logical\Visu_1\Variables.var"
    LogicalPath="Visu_1.Variables.var"
    Type="File"
    LastWriteTime="131781263573289301"
    Private="true" />
  <Object
    Path="C:\Projects\LiquidControlInTank\Physical\Config2\Config.pkg"
    LogicalPath="Config2"
    Type="Configuration"
    LastWriteTime="131780269570198843" />
  <Object
    Path="C:\Projects\LiquidControlInTank\Physical\Config2\Hardware.hw"
    LogicalPath="Config2.Hardware.hw"
    Type="File"
    LastWriteTime="131781872460932240"
    Private="false" />
  <Object
    Path="C:\Projects\LiquidControlInTank\Physical\Config2\Hardware.hwl"
    LogicalPath="Config2.Hardware.hwl"
    Type="File"
    LastWriteTime="131780269570398306"
    Private="false" />
  <Object
    Path="C:\Projects\LiquidControlInTank\Physical\Config2\X20cCP1301\Cpu.pkg"
    LogicalPath="Config2.X20cCP1301"
    Type="Cpu"
    LastWriteTime="131781214045298051" />
  <Object
    Path="C:\Projects\LiquidControlInTank\Physical\Config2\X20cCP1301\Cpu.sw"
    LogicalPath="Config2.X20cCP1301.Cpu.sw"
    Type="File"
    LastWriteTime="131781264064844834"
    Private="false" />
  <Object
    Path="C:\Projects\LiquidControlInTank\Physical\Config2\X20cCP1301\Cpu.per"
    LogicalPath="Config2.X20cCP1301.Cpu.per"
    Type="File"
    LastWriteTime="131777621155601190"
    Private="false" />
  <Object
    Path="C:\Projects\LiquidControlInTank\Physical\Config2\X20cCP1301\IoMap.iom"
    LogicalPath="Config2.X20cCP1301.IoMap.iom"
    Type="File"
    LastWriteTime="131781883113224277"
    Private="false" />
  <Object
    Path="C:\Projects\LiquidControlInTank\Physical\Config2\X20cCP1301\PvMap.vvm"
    LogicalPath="Config2.X20cCP1301.PvMap.vvm"
    Type="File"
    LastWriteTime="131777621156229518"
    Private="false" />
  <Object
    Path="C:\Projects\LiquidControlInTank\Physical\Config2\X20cCP1301\Connectivity\Package.pkg"
    LogicalPath="Config2.X20cCP1301.Connectivity"
    Type="Package"
    LastWriteTime="131777621175258642" />
  <Object
    Path="C:\Projects\LiquidControlInTank\Physical\Config2\X20cCP1301\Connectivity\OpcUA\Package.pkg"
    LogicalPath="Config2.X20cCP1301.Connectivity.OpcUA"
    Type="Package"
    LastWriteTime="131777621724569895" />
  <Object
    Path="C:\Projects\LiquidControlInTank\Physical\Config2\X20cCP1301\TextSystem\Package.pkg"
    LogicalPath="Config2.X20cCP1301.TextSystem"
    Type="Package"
    LastWriteTime="131777621175418248" />
  <Object
    Path="C:\Projects\LiquidControlInTank\Physical\Config2\X20cCP1301\UnitSystem\Package.pkg"
    LogicalPath="Config2.X20cCP1301.UnitSystem"
    Type="Package"
    LastWriteTime="131777621175527906" />
  <Object
    Path="C:\Projects\LiquidControlInTank\Physical\Config2\X20cCP1301\AccessAndSecurity\Package.pkg"
    LogicalPath="Config2.X20cCP1301.AccessAndSecurity"
    Type="Package"
    LastWriteTime="131777621175089112" />
  <Object
    Path="C:\Projects\LiquidControlInTank\Physical\Config2\X20cCP1301\AccessAndSecurity\UserRoleSystem\Package.pkg"
    LogicalPath="Config2.X20cCP1301.AccessAndSecurity.UserRoleSystem"
    Type="Package"
    LastWriteTime="131777621724240853" />
  <Object
    Path="C:\Projects\LiquidControlInTank\Physical\Config2\X20cCP1301\AccessAndSecurity\UserRoleSystem\Role.role"
    LogicalPath="Config2.X20cCP1301.AccessAndSecurity.UserRoleSystem.Role.role"
    Type="File"
    LastWriteTime="131777621724360451"
    Private="false" />
  <Object
    Path="C:\Projects\LiquidControlInTank\Physical\Config2\X20cCP1301\AccessAndSecurity\UserRoleSystem\User.user"
    LogicalPath="Config2.X20cCP1301.AccessAndSecurity.UserRoleSystem.User.user"
    Type="File"
    LastWriteTime="131777621724470142"
    Private="false" />
  <Object
    Path="C:\Projects\LiquidControlInTank\Physical\Config2\X20cCP1301\AccessAndSecurity\CertificateStore\Package.pkg"
    LogicalPath="Config2.X20cCP1301.AccessAndSecurity.CertificateStore"
    Type="Package"
    LastWriteTime="131777621724011376" />
  <Object
    Path="C:\Projects\LiquidControlInTank\Physical\Config2\X20cCP1301\AccessAndSecurity\CertificateStore\OwnCertificates\Package.pkg"
    LogicalPath="Config2.X20cCP1301.AccessAndSecurity.CertificateStore.OwnCertificates"
    Type="Package"
    LastWriteTime="131777622355772185" />
  <Object
    Path="C:\Projects\LiquidControlInTank\Physical\Config2\X20cCP1301\AccessAndSecurity\CertificateStore\OwnCertificates\Certificates\Package.pkg"
    LogicalPath="Config2.X20cCP1301.AccessAndSecurity.CertificateStore.OwnCertificates.Certificates"
    Type="Package"
    LastWriteTime="131777622543051426" />
  <Object
    Path="C:\Projects\LiquidControlInTank\Physical\Config2\X20cCP1301\AccessAndSecurity\CertificateStore\OwnCertificates\PrivateKeys\Package.pkg"
    LogicalPath="Config2.X20cCP1301.AccessAndSecurity.CertificateStore.OwnCertificates.PrivateKeys"
    Type="Package"
    LastWriteTime="131777622543181083" />
  <Object
    Path="C:\Projects\LiquidControlInTank\Physical\Config2\X20cCP1301\AccessAndSecurity\CertificateStore\ThirdPartyCertificates\Package.pkg"
    LogicalPath="Config2.X20cCP1301.AccessAndSecurity.CertificateStore.ThirdPartyCertificates"
    Type="Package"
    LastWriteTime="131777622356480279" />
  <Object
    Path="C:\Projects\LiquidControlInTank\Physical\Config2\X20cCP1301\AccessAndSecurity\CertificateStore\ThirdPartyCertificates\SoftwareCertificates\Package.pkg"
    LogicalPath="Config2.X20cCP1301.AccessAndSecurity.CertificateStore.ThirdPartyCertificates.SoftwareCertificates"
    Type="Package"
    LastWriteTime="131777622543330704" />
  <Object
    Path="C:\Projects\LiquidControlInTank\Physical\Config2\X20cCP1301\AccessAndSecurity\CertificateStore\CertificateRevocationLists\Package.pkg"
    LogicalPath="Config2.X20cCP1301.AccessAndSecurity.CertificateStore.CertificateRevocationLists"
    Type="Package"
    LastWriteTime="131777622355522847" />
  <Object
    Path="C:\Projects\LiquidControlInTank\Physical\Config2\X20cCP1301\AccessAndSecurity\CertificateStore\CertificateSigningRequests\Package.pkg"
    LogicalPath="Config2.X20cCP1301.AccessAndSecurity.CertificateStore.CertificateSigningRequests"
    Type="Package"
    LastWriteTime="131777622355632603" />
  <Object
    Path="C:\Projects\LiquidControlInTank\Physical\Config2\X20cCP1301\AccessAndSecurity\TransportLayerSecurity\Package.pkg"
    LogicalPath="Config2.X20cCP1301.AccessAndSecurity.TransportLayerSecurity"
    Type="Package"
    LastWriteTime="131777621724131069" />
  <Object
    Path="C:\Projects\LiquidControlInTank\Physical\Config2\X20cCP1301\mapp\Package.pkg"
    LogicalPath="Config2.X20cCP1301.mapp"
    Type="Package"
    LastWriteTime="131777621175617666" />
  <Object
    Path="C:\Projects\LiquidControlInTank\Physical\Config2\X20cCP1301\VC\Package.pkg"
    LogicalPath="Config2.X20cCP1301.VC"
    Type="Package"
    LastWriteTime="131781214047462259" />
  <Object
    Path="C:\Projects\LiquidControlInTank\Physical\Config2\X20cCP1301\VC\PS2-Keyboard.dis"
    LogicalPath="Config2.X20cCP1301.VC.PS2-Keyboard.dis"
    Type="File"
    LastWriteTime="131781214047741516"
    Private="false" />
  <Object
    Path="C:\Projects\LiquidControlInTank\Physical\Config2\Hardware.jpg"
    LogicalPath="Config2.Hardware.jpg"
    Type="File"
    LastWriteTime="131780269570807217"
    Private="false" />
  <Object
    Path="C:\Projects\LiquidControlInTank\Logical\Libraries\AsBrStr\SG4\AsBrStr.h"
    LogicalPath="AsBrStr.h"
    Type="File"
    LastWriteTime="131717474340000000"
    Private="false" />
  <Object
    Path="C:\Projects\LiquidControlInTank\Logical\Libraries\AsIecCon\SG4\AsIecCon.h"
    LogicalPath="AsIecCon.h"
    Type="File"
    LastWriteTime="131717474360000000"
    Private="false" />
  <Object
    Path="C:\Projects\LiquidControlInTank\Logical\Libraries\asstring\SG4\asstring.h"
    LogicalPath="asstring.h"
    Type="File"
    LastWriteTime="131717474420000000"
    Private="false" />
  <Object
    Path="C:\Projects\LiquidControlInTank\Logical\Libraries\astime\SG4\astime.h"
    LogicalPath="astime.h"
    Type="File"
    LastWriteTime="131717474420000000"
    Private="false" />
  <Object
    Path="C:\Projects\LiquidControlInTank\Logical\Libraries\become\SG4\become.h"
    LogicalPath="become.h"
    Type="File"
    LastWriteTime="0"
    Private="false" />
  <Object
    Path="C:\Projects\LiquidControlInTank\Logical\Libraries\DataObj\SG4\DataObj.h"
    LogicalPath="DataObj.h"
    Type="File"
    LastWriteTime="131717474440000000"
    Private="false" />
  <Object
    Path="C:\Projects\LiquidControlInTank\Logical\Libraries\DRV_mbus\SG4\DRV_mbus.h"
    LogicalPath="DRV_mbus.h"
    Type="File"
    LastWriteTime="131717474440000000"
    Private="false" />
  <Object
    Path="C:\Projects\LiquidControlInTank\Logical\Libraries\dvframe\SG4\dvframe.h"
    LogicalPath="dvframe.h"
    Type="File"
    LastWriteTime="131717474460000000"
    Private="false" />
  <Object
    Path="C:\Projects\LiquidControlInTank\Logical\Libraries\operator\SG4\operator.h"
    LogicalPath="operator.h"
    Type="File"
    LastWriteTime="131717474460000000"
    Private="false" />
  <Object
    Path="C:\Projects\LiquidControlInTank\Logical\Libraries\runtime\SG4\runtime.h"
    LogicalPath="runtime.h"
    Type="File"
    LastWriteTime="131717474460000000"
    Private="false" />
  <Object
    Path="C:\Projects\LiquidControlInTank\Logical\Libraries\standard\SG4\standard.h"
    LogicalPath="standard.h"
    Type="File"
    LastWriteTime="131717474460000000"
    Private="false" />
</Objects>